<?xml version="1.0" encoding="UTF-8"?>
<!-- Generated by org.testng.reporters.JUnitXMLReporter -->
<testsuite hostname="QM-WIN-JKU" ignored="0" name="ApiTest" tests="7" failures="0" timestamp="2021-04-11T19:48:00 CEST" time="8.251" errors="0">
  <testcase name="test_incorrectData_post" time="5.915" classname="com.test.automation.testCases.TestCases"/>
  <testcase name="test_incorrectData_post" time="0.371" classname="com.test.automation.testCases.TestCases"/>
  <testcase name="test_incorrectData_post" time="0.364" classname="com.test.automation.testCases.TestCases"/>
  <testcase name="test_incorrectData_post" time="0.429" classname="com.test.automation.testCases.TestCases"/>
  <testcase name="test_incorrectData_post" time="0.37" classname="com.test.automation.testCases.TestCases"/>
  <testcase name="test_incorrectData_post" time="0.346" classname="com.test.automation.testCases.TestCases"/>
  <testcase name="test_incorrectData_post" time="0.344" classname="com.test.automation.testCases.TestCases"/>
</testsuite> <!-- ApiTest -->
