<?xml version="1.0" encoding="UTF-8"?>
<!-- Generated by org.testng.reporters.JUnitXMLReporter -->
<testsuite hostname="QM-WIN-JKU" ignored="0" name="ApiTest" tests="7" failures="0" timestamp="2021-04-11T19:50:58 CEST" time="11.436" errors="0">
  <testcase name="test_incorrectData_post" time="9.138" classname="com.test.automation.testCases.TestCases"/>
  <testcase name="test_incorrectData_post" time="0.431" classname="com.test.automation.testCases.TestCases"/>
  <testcase name="test_incorrectData_post" time="0.39" classname="com.test.automation.testCases.TestCases"/>
  <testcase name="test_incorrectData_post" time="0.331" classname="com.test.automation.testCases.TestCases"/>
  <testcase name="test_incorrectData_post" time="0.329" classname="com.test.automation.testCases.TestCases"/>
  <testcase name="test_incorrectData_post" time="0.365" classname="com.test.automation.testCases.TestCases"/>
  <testcase name="test_incorrectData_post" time="0.353" classname="com.test.automation.testCases.TestCases"/>
</testsuite> <!-- ApiTest -->
