<?xml version="1.0" encoding="UTF-8"?>
<!-- Generated by org.testng.reporters.JUnitXMLReporter -->
<testsuite hostname="QM-WIN-JKU" ignored="0" name="Default test" tests="7" failures="0" timestamp="2021-04-11T19:41:49 CEST" time="8.383" errors="0">
  <testcase name="test_incorrectData_post" time="5.904" classname="com.test.automation.testCases.postiveTestCases"/>
  <testcase name="test_incorrectData_post" time="0.5" classname="com.test.automation.testCases.postiveTestCases"/>
  <testcase name="test_incorrectData_post" time="0.371" classname="com.test.automation.testCases.postiveTestCases"/>
  <testcase name="test_incorrectData_post" time="0.387" classname="com.test.automation.testCases.postiveTestCases"/>
  <testcase name="test_incorrectData_post" time="0.372" classname="com.test.automation.testCases.postiveTestCases"/>
  <testcase name="test_incorrectData_post" time="0.367" classname="com.test.automation.testCases.postiveTestCases"/>
  <testcase name="test_incorrectData_post" time="0.365" classname="com.test.automation.testCases.postiveTestCases"/>
</testsuite> <!-- Default test -->
