<?xml version="1.0" encoding="UTF-8"?>
<testng-results skipped="0" failed="0" ignored="0" total="7" passed="7">
  <reporter-output>
  </reporter-output>
  <suite name="PPRO TEST" duration-ms="8251" started-at="2021-04-11T19:47:52 CEST" finished-at="2021-04-11T19:48:00 CEST">
    <groups>
    </groups>
    <test name="ApiTest" duration-ms="8251" started-at="2021-04-11T19:47:52 CEST" finished-at="2021-04-11T19:48:00 CEST">
      <class name="com.test.automation.testCases.TestCases">
        <test-method status="PASS" signature="setUp()[pri:0, instance:com.test.automation.testCases.TestCases@7494e528]" name="setUp" is-config="true" duration-ms="10" started-at="2021-04-11T19:47:52 CEST" finished-at="2021-04-11T19:47:52 CEST">
          <reporter-output>
          </reporter-output>
        </test-method> <!-- setUp -->
        <test-method status="PASS" signature="test_incorrectData_post(int, java.lang.String, java.lang.String)[pri:0, instance:com.test.automation.testCases.TestCases@7494e528]" name="test_incorrectData_post" duration-ms="5915" started-at="2021-04-11T19:47:52 CEST" data-provider="incorrect-data-provider" finished-at="2021-04-11T19:47:58 CEST">
          <params>
            <param index="0">
              <value>
                <![CDATA[10000]]>
              </value>
            </param>
            <param index="1">
              <value>
                <![CDATA[EUR]]>
              </value>
            </param>
            <param index="2">
              <value>
                <![CDATA[DE]]>
              </value>
            </param>
          </params>
          <reporter-output>
          </reporter-output>
        </test-method> <!-- test_incorrectData_post -->
        <test-method status="PASS" signature="setUp()[pri:0, instance:com.test.automation.testCases.TestCases@7494e528]" name="setUp" is-config="true" duration-ms="5" started-at="2021-04-11T19:47:58 CEST" finished-at="2021-04-11T19:47:58 CEST">
          <reporter-output>
          </reporter-output>
        </test-method> <!-- setUp -->
        <test-method status="PASS" signature="test_incorrectData_post(int, java.lang.String, java.lang.String)[pri:0, instance:com.test.automation.testCases.TestCases@7494e528]" name="test_incorrectData_post" duration-ms="371" started-at="2021-04-11T19:47:58 CEST" data-provider="incorrect-data-provider" finished-at="2021-04-11T19:47:58 CEST">
          <params>
            <param index="0">
              <value>
                <![CDATA[999]]>
              </value>
            </param>
            <param index="1">
              <value>
                <![CDATA[AB]]>
              </value>
            </param>
            <param index="2">
              <value>
                <![CDATA[DE]]>
              </value>
            </param>
          </params>
          <reporter-output>
          </reporter-output>
        </test-method> <!-- test_incorrectData_post -->
        <test-method status="PASS" signature="setUp()[pri:0, instance:com.test.automation.testCases.TestCases@7494e528]" name="setUp" is-config="true" duration-ms="3" started-at="2021-04-11T19:47:58 CEST" finished-at="2021-04-11T19:47:58 CEST">
          <reporter-output>
          </reporter-output>
        </test-method> <!-- setUp -->
        <test-method status="PASS" signature="test_incorrectData_post(int, java.lang.String, java.lang.String)[pri:0, instance:com.test.automation.testCases.TestCases@7494e528]" name="test_incorrectData_post" duration-ms="364" started-at="2021-04-11T19:47:58 CEST" data-provider="incorrect-data-provider" finished-at="2021-04-11T19:47:59 CEST">
          <params>
            <param index="0">
              <value>
                <![CDATA[1000]]>
              </value>
            </param>
            <param index="1">
              <value>
                <![CDATA[EUR]]>
              </value>
            </param>
            <param index="2">
              <value>
                <![CDATA[NN]]>
              </value>
            </param>
          </params>
          <reporter-output>
          </reporter-output>
        </test-method> <!-- test_incorrectData_post -->
        <test-method status="PASS" signature="setUp()[pri:0, instance:com.test.automation.testCases.TestCases@7494e528]" name="setUp" is-config="true" duration-ms="3" started-at="2021-04-11T19:47:59 CEST" finished-at="2021-04-11T19:47:59 CEST">
          <reporter-output>
          </reporter-output>
        </test-method> <!-- setUp -->
        <test-method status="PASS" signature="test_incorrectData_post(int, java.lang.String, java.lang.String)[pri:0, instance:com.test.automation.testCases.TestCases@7494e528]" name="test_incorrectData_post" duration-ms="429" started-at="2021-04-11T19:47:59 CEST" data-provider="incorrect-data-provider" finished-at="2021-04-11T19:47:59 CEST">
          <params>
            <param index="0">
              <value>
                <![CDATA[0]]>
              </value>
            </param>
            <param index="1">
              <value>
                <![CDATA[AUD]]>
              </value>
            </param>
            <param index="2">
              <value>
                <![CDATA[EUR]]>
              </value>
            </param>
          </params>
          <reporter-output>
          </reporter-output>
        </test-method> <!-- test_incorrectData_post -->
        <test-method status="PASS" signature="setUp()[pri:0, instance:com.test.automation.testCases.TestCases@7494e528]" name="setUp" is-config="true" duration-ms="3" started-at="2021-04-11T19:47:59 CEST" finished-at="2021-04-11T19:47:59 CEST">
          <reporter-output>
          </reporter-output>
        </test-method> <!-- setUp -->
        <test-method status="PASS" signature="test_incorrectData_post(int, java.lang.String, java.lang.String)[pri:0, instance:com.test.automation.testCases.TestCases@7494e528]" name="test_incorrectData_post" duration-ms="370" started-at="2021-04-11T19:47:59 CEST" data-provider="incorrect-data-provider" finished-at="2021-04-11T19:47:59 CEST">
          <params>
            <param index="0">
              <value>
                <![CDATA[999]]>
              </value>
            </param>
            <param index="1">
              <value>
                <![CDATA[7]]>
              </value>
            </param>
            <param index="2">
              <value>
                <![CDATA[AU]]>
              </value>
            </param>
          </params>
          <reporter-output>
          </reporter-output>
        </test-method> <!-- test_incorrectData_post -->
        <test-method status="PASS" signature="setUp()[pri:0, instance:com.test.automation.testCases.TestCases@7494e528]" name="setUp" is-config="true" duration-ms="2" started-at="2021-04-11T19:48:00 CEST" finished-at="2021-04-11T19:48:00 CEST">
          <reporter-output>
          </reporter-output>
        </test-method> <!-- setUp -->
        <test-method status="PASS" signature="test_incorrectData_post(int, java.lang.String, java.lang.String)[pri:0, instance:com.test.automation.testCases.TestCases@7494e528]" name="test_incorrectData_post" duration-ms="346" started-at="2021-04-11T19:48:00 CEST" data-provider="incorrect-data-provider" finished-at="2021-04-11T19:48:00 CEST">
          <params>
            <param index="0">
              <value>
                <![CDATA[1000]]>
              </value>
            </param>
            <param index="1">
              <value>
                <![CDATA[MN]]>
              </value>
            </param>
            <param index="2">
              <value>
                <![CDATA[AU]]>
              </value>
            </param>
          </params>
          <reporter-output>
          </reporter-output>
        </test-method> <!-- test_incorrectData_post -->
        <test-method status="PASS" signature="setUp()[pri:0, instance:com.test.automation.testCases.TestCases@7494e528]" name="setUp" is-config="true" duration-ms="6" started-at="2021-04-11T19:48:00 CEST" finished-at="2021-04-11T19:48:00 CEST">
          <reporter-output>
          </reporter-output>
        </test-method> <!-- setUp -->
        <test-method status="PASS" signature="test_incorrectData_post(int, java.lang.String, java.lang.String)[pri:0, instance:com.test.automation.testCases.TestCases@7494e528]" name="test_incorrectData_post" duration-ms="344" started-at="2021-04-11T19:48:00 CEST" data-provider="incorrect-data-provider" finished-at="2021-04-11T19:48:00 CEST">
          <params>
            <param index="0">
              <value>
                <![CDATA[9999]]>
              </value>
            </param>
            <param index="1">
              <value>
                <![CDATA[MN]]>
              </value>
            </param>
            <param index="2">
              <value>
                <![CDATA[SG]]>
              </value>
            </param>
          </params>
          <reporter-output>
          </reporter-output>
        </test-method> <!-- test_incorrectData_post -->
      </class> <!-- com.test.automation.testCases.TestCases -->
    </test> <!-- ApiTest -->
  </suite> <!-- PPRO TEST -->
</testng-results>
